<?xml version="1.0" encoding="utf-8"?><testsuites name="pytest tests"><testsuite name="pytest" errors="0" failures="0" skipped="0" tests="8" time="1.031" timestamp="2026-04-18T08:47:12.204817+00:00" hostname="agent-env-3b8feb38-0a6b-45ca-8ca7-ef5705a6161b"><testcase classname="backend.tests.test_jefferson_grill.TestRoot" name="test_root_message" time="0.159" /><testcase classname="backend.tests.test_jefferson_grill.TestReservations" name="test_create_reservation_valid" time="0.102" /><testcase classname="backend.tests.test_jefferson_grill.TestReservations" name="test_create_reservation_invalid_guests_zero" time="0.099" /><testcase classname="backend.tests.test_jefferson_grill.TestReservations" name="test_create_reservation_invalid_guests_40" time="0.111" /><testcase classname="backend.tests.test_jefferson_grill.TestReservations" name="test_list_reservations_no_mongodb_id" time="0.152" /><testcase classname="backend.tests.test_jefferson_grill.TestContact" name="test_create_contact_valid" time="0.103" /><testcase classname="backend.tests.test_jefferson_grill.TestContact" name="test_create_contact_no_subject" time="0.110" /><testcase classname="backend.tests.test_jefferson_grill.TestContact" name="test_list_contact_no_mongodb_id" time="0.134" /></testsuite></testsuites>